Determining if the atomic_fetchadd_long exist failed with the following output:
Change Dir: /n/groups/church/shilpa/new/butter_ex/butter_ex/scripts/try/build_spades/CMakeFiles/CMakeTmp

Run Build Command:"/usr/bin/gmake" "cmTC_3fc6a/fast"
/usr/bin/gmake -f CMakeFiles/cmTC_3fc6a.dir/build.make CMakeFiles/cmTC_3fc6a.dir/build
gmake[1]: Entering directory `/n/groups/church/shilpa/new/butter_ex/butter_ex/scripts/try/build_spades/CMakeFiles/CMakeTmp'
Building C object CMakeFiles/cmTC_3fc6a.dir/CheckSymbolExists.c.o
/home/sg461/anaconda3/bin/cc   -fopenmp    -o CMakeFiles/cmTC_3fc6a.dir/CheckSymbolExists.c.o   -c /n/groups/church/shilpa/new/butter_ex/butter_ex/scripts/try/build_spades/CMakeFiles/CMakeTmp/CheckSymbolExists.c
/n/groups/church/shilpa/new/butter_ex/butter_ex/scripts/try/build_spades/CMakeFiles/CMakeTmp/CheckSymbolExists.c:3:28: fatal error: machine/atomic.h: No such file or directory
 #include <machine/atomic.h>
                            ^
compilation terminated.
gmake[1]: *** [CMakeFiles/cmTC_3fc6a.dir/CheckSymbolExists.c.o] Error 1
gmake[1]: Leaving directory `/n/groups/church/shilpa/new/butter_ex/butter_ex/scripts/try/build_spades/CMakeFiles/CMakeTmp'
gmake: *** [cmTC_3fc6a/fast] Error 2

File /n/groups/church/shilpa/new/butter_ex/butter_ex/scripts/try/build_spades/CMakeFiles/CMakeTmp/CheckSymbolExists.c:
/* */
#include <sys/types.h>
#include <machine/atomic.h>
#include <inttypes.h>

int main(int argc, char** argv)
{
  (void)argv;
#ifndef atomic_fetchadd_long
  return ((int*)(&atomic_fetchadd_long))[argc];
#else
  (void)argc;
  return 0;
#endif
}

Determining if the OSAtomicAdd64 exist failed with the following output:
Change Dir: /n/groups/church/shilpa/new/butter_ex/butter_ex/scripts/try/build_spades/CMakeFiles/CMakeTmp

Run Build Command:"/usr/bin/gmake" "cmTC_0e21c/fast"
/usr/bin/gmake -f CMakeFiles/cmTC_0e21c.dir/build.make CMakeFiles/cmTC_0e21c.dir/build
gmake[1]: Entering directory `/n/groups/church/shilpa/new/butter_ex/butter_ex/scripts/try/build_spades/CMakeFiles/CMakeTmp'
Building C object CMakeFiles/cmTC_0e21c.dir/CheckSymbolExists.c.o
/home/sg461/anaconda3/bin/cc   -fopenmp    -o CMakeFiles/cmTC_0e21c.dir/CheckSymbolExists.c.o   -c /n/groups/church/shilpa/new/butter_ex/butter_ex/scripts/try/build_spades/CMakeFiles/CMakeTmp/CheckSymbolExists.c
/n/groups/church/shilpa/new/butter_ex/butter_ex/scripts/try/build_spades/CMakeFiles/CMakeTmp/CheckSymbolExists.c:2:30: fatal error: libkern/OSAtomic.h: No such file or directory
 #include <libkern/OSAtomic.h>
                              ^
compilation terminated.
gmake[1]: *** [CMakeFiles/cmTC_0e21c.dir/CheckSymbolExists.c.o] Error 1
gmake[1]: Leaving directory `/n/groups/church/shilpa/new/butter_ex/butter_ex/scripts/try/build_spades/CMakeFiles/CMakeTmp'
gmake: *** [cmTC_0e21c/fast] Error 2

File /n/groups/church/shilpa/new/butter_ex/butter_ex/scripts/try/build_spades/CMakeFiles/CMakeTmp/CheckSymbolExists.c:
/* */
#include <libkern/OSAtomic.h>
#include <inttypes.h>

int main(int argc, char** argv)
{
  (void)argv;
#ifndef OSAtomicAdd64
  return ((int*)(&OSAtomicAdd64))[argc];
#else
  (void)argc;
  return 0;
#endif
}

Determining if the OSSpinLockLock exist failed with the following output:
Change Dir: /n/groups/church/shilpa/new/butter_ex/butter_ex/scripts/try/build_spades/CMakeFiles/CMakeTmp

Run Build Command:"/usr/bin/gmake" "cmTC_7ca1d/fast"
/usr/bin/gmake -f CMakeFiles/cmTC_7ca1d.dir/build.make CMakeFiles/cmTC_7ca1d.dir/build
gmake[1]: Entering directory `/n/groups/church/shilpa/new/butter_ex/butter_ex/scripts/try/build_spades/CMakeFiles/CMakeTmp'
Building C object CMakeFiles/cmTC_7ca1d.dir/CheckSymbolExists.c.o
/home/sg461/anaconda3/bin/cc   -fopenmp    -o CMakeFiles/cmTC_7ca1d.dir/CheckSymbolExists.c.o   -c /n/groups/church/shilpa/new/butter_ex/butter_ex/scripts/try/build_spades/CMakeFiles/CMakeTmp/CheckSymbolExists.c
/n/groups/church/shilpa/new/butter_ex/butter_ex/scripts/try/build_spades/CMakeFiles/CMakeTmp/CheckSymbolExists.c:2:30: fatal error: libkern/OSAtomic.h: No such file or directory
 #include <libkern/OSAtomic.h>
                              ^
compilation terminated.
gmake[1]: *** [CMakeFiles/cmTC_7ca1d.dir/CheckSymbolExists.c.o] Error 1
gmake[1]: Leaving directory `/n/groups/church/shilpa/new/butter_ex/butter_ex/scripts/try/build_spades/CMakeFiles/CMakeTmp'
gmake: *** [cmTC_7ca1d/fast] Error 2

File /n/groups/church/shilpa/new/butter_ex/butter_ex/scripts/try/build_spades/CMakeFiles/CMakeTmp/CheckSymbolExists.c:
/* */
#include <libkern/OSAtomic.h>
#include <inttypes.h>

int main(int argc, char** argv)
{
  (void)argv;
#ifndef OSSpinLockLock
  return ((int*)(&OSSpinLockLock))[argc];
#else
  (void)argc;
  return 0;
#endif
}

Determining if the function _malloc_thread_cleanup exists failed with the following output:
Change Dir: /n/groups/church/shilpa/new/butter_ex/butter_ex/scripts/try/build_spades/CMakeFiles/CMakeTmp

Run Build Command:"/usr/bin/gmake" "cmTC_30377/fast"
/usr/bin/gmake -f CMakeFiles/cmTC_30377.dir/build.make CMakeFiles/cmTC_30377.dir/build
gmake[1]: Entering directory `/n/groups/church/shilpa/new/butter_ex/butter_ex/scripts/try/build_spades/CMakeFiles/CMakeTmp'
Building C object CMakeFiles/cmTC_30377.dir/CheckFunctionExists.c.o
/home/sg461/anaconda3/bin/cc   -fopenmp -DCHECK_FUNCTION_EXISTS=_malloc_thread_cleanup   -o CMakeFiles/cmTC_30377.dir/CheckFunctionExists.c.o   -c /home/sg461/anaconda3/lib/python3.6/site-packages/cmake/data/share/cmake-3.12/Modules/CheckFunctionExists.c
Linking C executable cmTC_30377
/home/sg461/anaconda3/lib/python3.6/site-packages/cmake/data/bin/cmake -E cmake_link_script CMakeFiles/cmTC_30377.dir/link.txt --verbose=1
/home/sg461/anaconda3/bin/cc  -fopenmp -DCHECK_FUNCTION_EXISTS=_malloc_thread_cleanup    -rdynamic CMakeFiles/cmTC_30377.dir/CheckFunctionExists.c.o  -o cmTC_30377 
/home/sg461/anaconda3/bin/ld: CMakeFiles/cmTC_30377.dir/CheckFunctionExists.c.o: in function `main':
CheckFunctionExists.c:(.text+0x10): undefined reference to `_malloc_thread_cleanup'
collect2: error: ld returned 1 exit status
gmake[1]: *** [cmTC_30377] Error 1
gmake[1]: Leaving directory `/n/groups/church/shilpa/new/butter_ex/butter_ex/scripts/try/build_spades/CMakeFiles/CMakeTmp'
gmake: *** [cmTC_30377/fast] Error 2


Determining if the function _pthread_mutex_init_calloc_cb, exists failed with the following output:
Change Dir: /n/groups/church/shilpa/new/butter_ex/butter_ex/scripts/try/build_spades/CMakeFiles/CMakeTmp

Run Build Command:"/usr/bin/gmake" "cmTC_599fc/fast"
/usr/bin/gmake -f CMakeFiles/cmTC_599fc.dir/build.make CMakeFiles/cmTC_599fc.dir/build
gmake[1]: Entering directory `/n/groups/church/shilpa/new/butter_ex/butter_ex/scripts/try/build_spades/CMakeFiles/CMakeTmp'
Building C object CMakeFiles/cmTC_599fc.dir/CheckFunctionExists.c.o
/home/sg461/anaconda3/bin/cc   -fopenmp -DCHECK_FUNCTION_EXISTS=_pthread_mutex_init_calloc_cb,   -o CMakeFiles/cmTC_599fc.dir/CheckFunctionExists.c.o   -c /home/sg461/anaconda3/lib/python3.6/site-packages/cmake/data/share/cmake-3.12/Modules/CheckFunctionExists.c
/home/sg461/anaconda3/lib/python3.6/site-packages/cmake/data/share/cmake-3.12/Modules/CheckFunctionExists.c:7:25: error: expected identifier or ‘(’ before ‘void’
   CHECK_FUNCTION_EXISTS(void);
                         ^~~~
/home/sg461/anaconda3/lib/python3.6/site-packages/cmake/data/share/cmake-3.12/Modules/CheckFunctionExists.c: In function ‘main’:
/home/sg461/anaconda3/lib/python3.6/site-packages/cmake/data/share/cmake-3.12/Modules/CheckFunctionExists.c:17:25: error: expected expression before ‘)’ token
   CHECK_FUNCTION_EXISTS();
                         ^
gmake[1]: *** [CMakeFiles/cmTC_599fc.dir/CheckFunctionExists.c.o] Error 1
gmake[1]: Leaving directory `/n/groups/church/shilpa/new/butter_ex/butter_ex/scripts/try/build_spades/CMakeFiles/CMakeTmp'
gmake: *** [cmTC_599fc/fast] Error 2


Determining if files cxxabi.h exist failed with the following output:
Change Dir: /n/groups/church/shilpa/new/butter_ex/butter_ex/scripts/try/build_spades/CMakeFiles/CMakeTmp

Run Build Command:"/usr/bin/gmake" "cmTC_d258a/fast"
/usr/bin/gmake -f CMakeFiles/cmTC_d258a.dir/build.make CMakeFiles/cmTC_d258a.dir/build
gmake[1]: Entering directory `/n/groups/church/shilpa/new/butter_ex/butter_ex/scripts/try/build_spades/CMakeFiles/CMakeTmp'
Building C object CMakeFiles/cmTC_d258a.dir/HAVE_CXXABI_H.c.o
/home/sg461/anaconda3/bin/cc   -fopenmp    -o CMakeFiles/cmTC_d258a.dir/HAVE_CXXABI_H.c.o   -c /n/groups/church/shilpa/new/butter_ex/butter_ex/scripts/try/build_spades/CMakeFiles/CheckIncludeFiles/HAVE_CXXABI_H.c
/n/groups/church/shilpa/new/butter_ex/butter_ex/scripts/try/build_spades/CMakeFiles/CheckIncludeFiles/HAVE_CXXABI_H.c:2:20: fatal error: cxxabi.h: No such file or directory
 #include <cxxabi.h>
                    ^
compilation terminated.
gmake[1]: *** [CMakeFiles/cmTC_d258a.dir/HAVE_CXXABI_H.c.o] Error 1
gmake[1]: Leaving directory `/n/groups/church/shilpa/new/butter_ex/butter_ex/scripts/try/build_spades/CMakeFiles/CMakeTmp'
gmake: *** [cmTC_d258a/fast] Error 2

Source:
/* */
#include <cxxabi.h>


int main(void){return 0;}

Determining if files mach/mach.h exist failed with the following output:
Change Dir: /n/groups/church/shilpa/new/butter_ex/butter_ex/scripts/try/build_spades/CMakeFiles/CMakeTmp

Run Build Command:"/usr/bin/gmake" "cmTC_13222/fast"
/usr/bin/gmake -f CMakeFiles/cmTC_13222.dir/build.make CMakeFiles/cmTC_13222.dir/build
gmake[1]: Entering directory `/n/groups/church/shilpa/new/butter_ex/butter_ex/scripts/try/build_spades/CMakeFiles/CMakeTmp'
Building C object CMakeFiles/cmTC_13222.dir/HAVE_MACH_MACH_H.c.o
/home/sg461/anaconda3/bin/cc   -fopenmp    -o CMakeFiles/cmTC_13222.dir/HAVE_MACH_MACH_H.c.o   -c /n/groups/church/shilpa/new/butter_ex/butter_ex/scripts/try/build_spades/CMakeFiles/CheckIncludeFiles/HAVE_MACH_MACH_H.c
/n/groups/church/shilpa/new/butter_ex/butter_ex/scripts/try/build_spades/CMakeFiles/CheckIncludeFiles/HAVE_MACH_MACH_H.c:2:23: fatal error: mach/mach.h: No such file or directory
 #include <mach/mach.h>
                       ^
compilation terminated.
gmake[1]: *** [CMakeFiles/cmTC_13222.dir/HAVE_MACH_MACH_H.c.o] Error 1
gmake[1]: Leaving directory `/n/groups/church/shilpa/new/butter_ex/butter_ex/scripts/try/build_spades/CMakeFiles/CMakeTmp'
gmake: *** [cmTC_13222/fast] Error 2

Source:
/* */
#include <mach/mach.h>


int main(void){return 0;}

Determining if the function shm_open exists failed with the following output:
Change Dir: /n/groups/church/shilpa/new/butter_ex/butter_ex/scripts/try/build_spades/CMakeFiles/CMakeTmp

Run Build Command:"/usr/bin/gmake" "cmTC_11f37/fast"
/usr/bin/gmake -f CMakeFiles/cmTC_11f37.dir/build.make CMakeFiles/cmTC_11f37.dir/build
gmake[1]: Entering directory `/n/groups/church/shilpa/new/butter_ex/butter_ex/scripts/try/build_spades/CMakeFiles/CMakeTmp'
Building C object CMakeFiles/cmTC_11f37.dir/CheckFunctionExists.c.o
/home/sg461/anaconda3/bin/cc   -fopenmp -DCHECK_FUNCTION_EXISTS=shm_open   -o CMakeFiles/cmTC_11f37.dir/CheckFunctionExists.c.o   -c /home/sg461/anaconda3/lib/python3.6/site-packages/cmake/data/share/cmake-3.12/Modules/CheckFunctionExists.c
Linking C executable cmTC_11f37
/home/sg461/anaconda3/lib/python3.6/site-packages/cmake/data/bin/cmake -E cmake_link_script CMakeFiles/cmTC_11f37.dir/link.txt --verbose=1
/home/sg461/anaconda3/bin/cc  -fopenmp -DCHECK_FUNCTION_EXISTS=shm_open    -rdynamic CMakeFiles/cmTC_11f37.dir/CheckFunctionExists.c.o  -o cmTC_11f37 
/home/sg461/anaconda3/bin/ld: CMakeFiles/cmTC_11f37.dir/CheckFunctionExists.c.o: undefined reference to symbol 'shm_open@@GLIBC_2.2.5'
/home/sg461/anaconda3/bin/ld: /usr/lib64/librt.so.1: error adding symbols: DSO missing from command line
collect2: error: ld returned 1 exit status
gmake[1]: *** [cmTC_11f37] Error 1
gmake[1]: Leaving directory `/n/groups/church/shilpa/new/butter_ex/butter_ex/scripts/try/build_spades/CMakeFiles/CMakeTmp'
gmake: *** [cmTC_11f37/fast] Error 2


